<?xml version="1.0" encoding="UTF-8" ?>
<testsuite errors="0" failures="0" hostname="merychippus" name="tests.eu.synectique.verveine.core.VerveineTest_CommandLineArgs" skipped="0" tests="3" time="0.225" timestamp="2014-12-31T16:47:35">
  <properties>
[...]
</properties>
  <testcase classname="tests.eu.synectique.verveine.core.VerveineTest_CommandLineArgs" name="testNoOutputArg" time="0.095" />
  <testcase classname="tests.eu.synectique.verveine.core.VerveineTest_CommandLineArgs" name="testIncrementArg" time="0.066" />
  <testcase classname="tests.eu.synectique.verveine.core.VerveineTest_CommandLineArgs" name="testOutputArg" time="0.021" />
  <system-out><![CDATA[]]></system-out>
  <system-err><![CDATA[]]></system-err>
</testsuite>
