<?xml version="1.0" encoding="UTF-8" ?>
<testsuite errors="3" failures="0" hostname="merychippus" name="tests.eu.synectique.verveine.core.VerveineTest_CommandLineArgs" skipped="0" tests="3" time="0.3" timestamp="2014-12-30T20:16:17">
  <properties>
[...]
</properties>
  <testcase classname="tests.eu.synectique.verveine.core.VerveineTest_CommandLineArgs" name="testOutputArg" time="0.153">
    <error message="Not yet implemented!" type="java.lang.UnsupportedOperationException">java.lang.UnsupportedOperationException: Not yet implemented!
	at eu.synectique.verveine.core.gen.famix.Namespace.getAbstractness(Unknown Source)
	at ch.akuhn.fame.internal.MethodAccess.read(MethodAccess.java:61)
	at ch.akuhn.fame.fm3.PropertyDescription.read(PropertyDescription.java:245)
	at ch.akuhn.fame.fm3.PropertyDescription.readAll(PropertyDescription.java:265)
	at ch.akuhn.fame.internal.RepositoryVisitor.acceptElement(RepositoryVisitor.java:71)
	at ch.akuhn.fame.internal.RepositoryVisitor.acceptVisitor(RepositoryVisitor.java:162)
	at ch.akuhn.fame.internal.RepositoryVisitor.run(RepositoryVisitor.java:207)
	at ch.akuhn.fame.Repository.accept(Repository.java:105)
	at ch.akuhn.fame.Repository.exportMSE(Repository.java:216)
	at eu.synectique.verveine.core.VerveineParser.emitMSE(Unknown Source)
	at eu.synectique.verveine.core.VerveineParser.emitMSE(Unknown Source)
	at eu.synectique.verveine.core.VerveineParser.emitMSE(Unknown Source)
	at tests.eu.synectique.verveine.core.VerveineTest_CommandLineArgs.testOutputArg(Unknown Source)
</error>
  </testcase>
  <testcase classname="tests.eu.synectique.verveine.core.VerveineTest_CommandLineArgs" name="testNoOutputArg" time="0.045">
    <error message="Not yet implemented!" type="java.lang.UnsupportedOperationException">java.lang.UnsupportedOperationException: Not yet implemented!
	at eu.synectique.verveine.core.gen.famix.Namespace.getAbstractness(Unknown Source)
	at ch.akuhn.fame.internal.MethodAccess.read(MethodAccess.java:61)
	at ch.akuhn.fame.fm3.PropertyDescription.read(PropertyDescription.java:245)
	at ch.akuhn.fame.fm3.PropertyDescription.readAll(PropertyDescription.java:265)
	at ch.akuhn.fame.internal.RepositoryVisitor.acceptElement(RepositoryVisitor.java:71)
	at ch.akuhn.fame.internal.RepositoryVisitor.acceptVisitor(RepositoryVisitor.java:162)
	at ch.akuhn.fame.internal.RepositoryVisitor.run(RepositoryVisitor.java:207)
	at ch.akuhn.fame.Repository.accept(Repository.java:105)
	at ch.akuhn.fame.Repository.exportMSE(Repository.java:216)
	at eu.synectique.verveine.core.VerveineParser.emitMSE(Unknown Source)
	at eu.synectique.verveine.core.VerveineParser.emitMSE(Unknown Source)
	at eu.synectique.verveine.core.VerveineParser.emitMSE(Unknown Source)
	at tests.eu.synectique.verveine.core.VerveineTest_CommandLineArgs.testNoOutputArg(Unknown Source)
</error>
  </testcase>
  <testcase classname="tests.eu.synectique.verveine.core.VerveineTest_CommandLineArgs" name="testIncrementArg" time="0.044">
    <error message="Not yet implemented!" type="java.lang.UnsupportedOperationException">java.lang.UnsupportedOperationException: Not yet implemented!
	at eu.synectique.verveine.core.gen.famix.Namespace.getAbstractness(Unknown Source)
	at ch.akuhn.fame.internal.MethodAccess.read(MethodAccess.java:61)
	at ch.akuhn.fame.fm3.PropertyDescription.read(PropertyDescription.java:245)
	at ch.akuhn.fame.fm3.PropertyDescription.readAll(PropertyDescription.java:265)
	at ch.akuhn.fame.internal.RepositoryVisitor.acceptElement(RepositoryVisitor.java:71)
	at ch.akuhn.fame.internal.RepositoryVisitor.acceptVisitor(RepositoryVisitor.java:162)
	at ch.akuhn.fame.internal.RepositoryVisitor.run(RepositoryVisitor.java:207)
	at ch.akuhn.fame.Repository.accept(Repository.java:105)
	at ch.akuhn.fame.Repository.exportMSE(Repository.java:216)
	at eu.synectique.verveine.core.VerveineParser.emitMSE(Unknown Source)
	at eu.synectique.verveine.core.VerveineParser.emitMSE(Unknown Source)
	at eu.synectique.verveine.core.VerveineParser.emitMSE(Unknown Source)
	at tests.eu.synectique.verveine.core.VerveineTest_CommandLineArgs.testIncrementArg(Unknown Source)
</error>
  </testcase>
  <system-out><![CDATA[]]></system-out>
  <system-err><![CDATA[]]></system-err>
</testsuite>
