<?xml version="1.0" encoding="UTF-8" ?>
<testsuite errors="0" failures="0" hostname="Merychippus" name="tests.fr.inria.verveine.core.VerveineTest_CommandLineArgs" tests="3" time="0.256" timestamp="2012-11-27T14:01:00">
  <properties>
[...]
</properties>
  <testcase classname="tests.fr.inria.verveine.core.VerveineTest_CommandLineArgs" name="testOutputArg" time="0.104" />
  <testcase classname="tests.fr.inria.verveine.core.VerveineTest_CommandLineArgs" name="testNoOutputArg" time="0.025" />
  <testcase classname="tests.fr.inria.verveine.core.VerveineTest_CommandLineArgs" name="testIncrementArg" time="0.078" />
  <system-out><![CDATA[]]></system-out>
  <system-err><![CDATA[]]></system-err>
</testsuite>
